<?xml version="1.0" encoding="UTF-8"?>
<testsuite name="models.BookTest" tests="2" skipped="0" failures="0" errors="0" timestamp="2024-02-05T20:13:47" hostname="macboook.lan" time="0.001">
  <properties/>
  <testcase name="test2NonEqualBooks()" classname="models.BookTest" time="0.0"/>
  <testcase name="test2EqualBooks()" classname="models.BookTest" time="0.0"/>
  <system-out><![CDATA[]]></system-out>
  <system-err><![CDATA[]]></system-err>
</testsuite>
