<?xml version="1.0" encoding="UTF-8"?>
<testsuite name="models.LoanTest" tests="1" skipped="0" failures="0" errors="0" timestamp="2024-02-05T20:13:47" hostname="macboook.lan" time="0.005">
  <properties/>
  <testcase name="testDueDate()" classname="models.LoanTest" time="0.005"/>
  <system-out><![CDATA[]]></system-out>
  <system-err><![CDATA[]]></system-err>
</testsuite>
