<?xml version="1.0" encoding="UTF-8"?>
<testsuite name="models.BookTest" tests="1" skipped="0" failures="0" errors="0" timestamp="2024-05-28T08:32:18" hostname="macboook.local" time="0.007">
  <properties/>
  <testcase name="test2NonEqualBooks()" classname="models.BookTest" time="0.007"/>
  <system-out><![CDATA[]]></system-out>
  <system-err><![CDATA[]]></system-err>
</testsuite>
